update-alternatives 2022-05-04 10:00:24: run with --install /usr/bin/lzma lzma /usr/bin/xz 20 --slave /usr/share/man/man1/lzma.1.gz lzma.1.gz /usr/share/man/man1/xz.1.gz --slave /usr/bin/unlzma unlzma /usr/bin/unxz --slave /usr/share/man/man1/unlzma.1.gz unlzma.1.gz /usr/share/man/man1/unxz.1.gz --slave /usr/bin/lzcat lzcat /usr/bin/xzcat --slave /usr/share/man/man1/lzcat.1.gz lzcat.1.gz /usr/share/man/man1/xzcat.1.gz --slave /usr/bin/lzmore lzmore /usr/bin/xzmore --slave /usr/share/man/man1/lzmore.1.gz lzmore.1.gz /usr/share/man/man1/xzmore.1.gz --slave /usr/bin/lzless lzless /usr/bin/xzless --slave /usr/share/man/man1/lzless.1.gz lzless.1.gz /usr/share/man/man1/xzless.1.gz --slave /usr/bin/lzdiff lzdiff /usr/bin/xzdiff --slave /usr/share/man/man1/lzdiff.1.gz lzdiff.1.gz /usr/share/man/man1/xzdiff.1.gz --slave /usr/bin/lzcmp lzcmp /usr/bin/xzcmp --slave /usr/share/man/man1/lzcmp.1.gz lzcmp.1.gz /usr/share/man/man1/xzcmp.1.gz --slave /usr/bin/lzgrep lzgrep /usr/bin/xzgrep --slave /usr/share/man/man1/lzgrep.1.gz lzgrep.1.gz /usr/share/man/man1/xzgrep.1.gz --slave /usr/bin/lzegrep lzegrep /usr/bin/xzegrep --slave /usr/share/man/man1/lzegrep.1.gz lzegrep.1.gz /usr/share/man/man1/xzegrep.1.gz --slave /usr/bin/lzfgrep lzfgrep /usr/bin/xzfgrep --slave /usr/share/man/man1/lzfgrep.1.gz lzfgrep.1.gz /usr/share/man/man1/xzfgrep.1.gz
update-alternatives 2022-05-04 10:00:24: link group lzma updated to point to /usr/bin/xz
update-alternatives 2022-05-04 10:00:27: run with --install /usr/sbin/iptables iptables /usr/sbin/iptables-legacy 10 --slave /usr/sbin/iptables-restore iptables-restore /usr/sbin/iptables-legacy-restore --slave /usr/sbin/iptables-save iptables-save /usr/sbin/iptables-legacy-save
update-alternatives 2022-05-04 10:00:27: link group iptables updated to point to /usr/sbin/iptables-legacy
update-alternatives 2022-05-04 10:00:27: run with --install /usr/sbin/ip6tables ip6tables /usr/sbin/ip6tables-legacy 10 --slave /usr/sbin/ip6tables-restore ip6tables-restore /usr/sbin/ip6tables-legacy-restore --slave /usr/sbin/ip6tables-save ip6tables-save /usr/sbin/ip6tables-legacy-save
update-alternatives 2022-05-04 10:00:27: link group ip6tables updated to point to /usr/sbin/ip6tables-legacy
update-alternatives 2022-05-04 10:00:27: run with --install /usr/sbin/iptables iptables /usr/sbin/iptables-nft 20 --slave /usr/sbin/iptables-restore iptables-restore /usr/sbin/iptables-nft-restore --slave /usr/sbin/iptables-save iptables-save /usr/sbin/iptables-nft-save
update-alternatives 2022-05-04 10:00:27: link group iptables updated to point to /usr/sbin/iptables-nft
update-alternatives 2022-05-04 10:00:27: run with --install /usr/sbin/ip6tables ip6tables /usr/sbin/ip6tables-nft 20 --slave /usr/sbin/ip6tables-restore ip6tables-restore /usr/sbin/ip6tables-nft-restore --slave /usr/sbin/ip6tables-save ip6tables-save /usr/sbin/ip6tables-nft-save
update-alternatives 2022-05-04 10:00:27: link group ip6tables updated to point to /usr/sbin/ip6tables-nft
update-alternatives 2022-05-04 10:00:27: run with --install /usr/sbin/arptables arptables /usr/sbin/arptables-nft 20 --slave /usr/sbin/arptables-restore arptables-restore /usr/sbin/arptables-nft-restore --slave /usr/sbin/arptables-save arptables-save /usr/sbin/arptables-nft-save
update-alternatives 2022-05-04 10:00:27: link group arptables updated to point to /usr/sbin/arptables-nft
update-alternatives 2022-05-04 10:00:27: run with --install /usr/sbin/ebtables ebtables /usr/sbin/ebtables-nft 20 --slave /usr/sbin/ebtables-restore ebtables-restore /usr/sbin/ebtables-nft-restore --slave /usr/sbin/ebtables-save ebtables-save /usr/sbin/ebtables-nft-save
update-alternatives 2022-05-04 10:00:27: link group ebtables updated to point to /usr/sbin/ebtables-nft
update-alternatives 2022-05-04 10:00:27: run with --quiet --install /usr/bin/rsh rsh /usr/bin/ssh 20 --slave /usr/share/man/man1/rsh.1.gz rsh.1.gz /usr/share/man/man1/ssh.1.gz
update-alternatives 2022-05-04 10:00:27: link group rsh updated to point to /usr/bin/ssh
update-alternatives 2022-05-04 10:00:27: run with --quiet --install /usr/bin/rlogin rlogin /usr/bin/slogin 20 --slave /usr/share/man/man1/rlogin.1.gz rlogin.1.gz /usr/share/man/man1/slogin.1.gz
update-alternatives 2022-05-04 10:00:27: link group rlogin updated to point to /usr/bin/slogin
update-alternatives 2022-05-04 10:00:27: run with --quiet --install /usr/bin/rcp rcp /usr/bin/scp 20 --slave /usr/share/man/man1/rcp.1.gz rcp.1.gz /usr/share/man/man1/scp.1.gz
update-alternatives 2022-05-04 10:00:27: link group rcp updated to point to /usr/bin/scp
update-alternatives 2022-05-04 10:00:28: run with --set iptables /usr/sbin/iptables-legacy
update-alternatives 2022-05-04 10:00:28: status of link group /usr/sbin/iptables set to manual
update-alternatives 2022-05-04 10:00:28: link group iptables updated to point to /usr/sbin/iptables-legacy
update-alternatives 2022-05-04 10:00:28: run with --set ip6tables /usr/sbin/ip6tables-legacy
update-alternatives 2022-05-04 10:00:28: status of link group /usr/sbin/ip6tables set to manual
update-alternatives 2022-05-04 10:00:28: link group ip6tables updated to point to /usr/sbin/ip6tables-legacy
update-alternatives 2022-05-04 10:00:33: run with --quiet --install /usr/bin/pinentry pinentry /usr/bin/pinentry-curses 50 --slave /usr/share/man/man1/pinentry.1.gz pinentry.1.gz /usr/share/man/man1/pinentry-curses.1.gz
update-alternatives 2022-05-04 10:00:33: link group pinentry updated to point to /usr/bin/pinentry-curses
update-alternatives 2022-05-04 10:00:39: run with --quiet --remove pinentry /usr/bin/pinentry-curses
update-alternatives 2022-05-04 10:00:39: link group pinentry fully removed
