2022-05-04 10:00:17 startup archives unpack
2022-05-04 10:00:17 install perl-modules-5.32:all <none> 5.32.1-4+deb11u2
2022-05-04 10:00:17 status half-installed perl-modules-5.32:all 5.32.1-4+deb11u2
2022-05-04 10:00:18 status unpacked perl-modules-5.32:all 5.32.1-4+deb11u2
2022-05-04 10:00:18 install libgdbm6:amd64 <none> 1.19-2
2022-05-04 10:00:18 status triggers-pending libc-bin:amd64 2.31-13+deb11u3
2022-05-04 10:00:18 status half-installed libgdbm6:amd64 1.19-2
2022-05-04 10:00:18 status unpacked libgdbm6:amd64 1.19-2
2022-05-04 10:00:18 install libgdbm-compat4:amd64 <none> 1.19-2
2022-05-04 10:00:18 status half-installed libgdbm-compat4:amd64 1.19-2
2022-05-04 10:00:18 status unpacked libgdbm-compat4:amd64 1.19-2
2022-05-04 10:00:18 install libperl5.32:amd64 <none> 5.32.1-4+deb11u2
2022-05-04 10:00:18 status half-installed libperl5.32:amd64 5.32.1-4+deb11u2
2022-05-04 10:00:18 status unpacked libperl5.32:amd64 5.32.1-4+deb11u2
2022-05-04 10:00:18 install perl:amd64 <none> 5.32.1-4+deb11u2
2022-05-04 10:00:18 status half-installed perl:amd64 5.32.1-4+deb11u2
2022-05-04 10:00:18 status unpacked perl:amd64 5.32.1-4+deb11u2
2022-05-04 10:00:18 install libwrap0:amd64 <none> 7.6.q-31
2022-05-04 10:00:18 status half-installed libwrap0:amd64 7.6.q-31
2022-05-04 10:00:18 status unpacked libwrap0:amd64 7.6.q-31
2022-05-04 10:00:18 install rpcbind:amd64 <none> 1.2.5-9
2022-05-04 10:00:18 status half-installed rpcbind:amd64 1.2.5-9
2022-05-04 10:00:19 status unpacked rpcbind:amd64 1.2.5-9
2022-05-04 10:00:19 install uuid-runtime:amd64 <none> 2.36.1-8+deb11u1
2022-05-04 10:00:19 status half-installed uuid-runtime:amd64 2.36.1-8+deb11u1
2022-05-04 10:00:19 status unpacked uuid-runtime:amd64 2.36.1-8+deb11u1
2022-05-04 10:00:19 install libelf1:amd64 <none> 0.183-1
2022-05-04 10:00:19 status half-installed libelf1:amd64 0.183-1
2022-05-04 10:00:19 status unpacked libelf1:amd64 0.183-1
2022-05-04 10:00:19 install libbpf0:amd64 <none> 1:0.3-2
2022-05-04 10:00:19 status half-installed libbpf0:amd64 1:0.3-2
2022-05-04 10:00:19 status unpacked libbpf0:amd64 1:0.3-2
2022-05-04 10:00:19 install libmd0:amd64 <none> 1.0.3-3
2022-05-04 10:00:19 status half-installed libmd0:amd64 1.0.3-3
2022-05-04 10:00:19 status unpacked libmd0:amd64 1.0.3-3
2022-05-04 10:00:19 install libbsd0:amd64 <none> 0.11.3-1
2022-05-04 10:00:19 status half-installed libbsd0:amd64 0.11.3-1
2022-05-04 10:00:19 status unpacked libbsd0:amd64 0.11.3-1
2022-05-04 10:00:19 install libcap2:amd64 <none> 1:2.44-1
2022-05-04 10:00:19 status half-installed libcap2:amd64 1:2.44-1
2022-05-04 10:00:19 status unpacked libcap2:amd64 1:2.44-1
2022-05-04 10:00:19 install libmnl0:amd64 <none> 1.0.4-3
2022-05-04 10:00:19 status half-installed libmnl0:amd64 1.0.4-3
2022-05-04 10:00:19 status unpacked libmnl0:amd64 1.0.4-3
2022-05-04 10:00:19 install libxtables12:amd64 <none> 1.8.7-1
2022-05-04 10:00:19 status half-installed libxtables12:amd64 1.8.7-1
2022-05-04 10:00:19 status unpacked libxtables12:amd64 1.8.7-1
2022-05-04 10:00:19 install libcap2-bin:amd64 <none> 1:2.44-1
2022-05-04 10:00:19 status half-installed libcap2-bin:amd64 1:2.44-1
2022-05-04 10:00:19 status unpacked libcap2-bin:amd64 1:2.44-1
2022-05-04 10:00:19 install iproute2:amd64 <none> 5.10.0-4
2022-05-04 10:00:19 status half-installed iproute2:amd64 5.10.0-4
2022-05-04 10:00:19 status unpacked iproute2:amd64 5.10.0-4
2022-05-04 10:00:19 install netbase:all <none> 6.3
2022-05-04 10:00:19 status half-installed netbase:all 6.3
2022-05-04 10:00:19 status unpacked netbase:all 6.3
2022-05-04 10:00:19 install libncurses6:amd64 <none> 6.2+20201114-2
2022-05-04 10:00:19 status half-installed libncurses6:amd64 6.2+20201114-2
2022-05-04 10:00:19 status unpacked libncurses6:amd64 6.2+20201114-2
2022-05-04 10:00:20 install libncursesw6:amd64 <none> 6.2+20201114-2
2022-05-04 10:00:20 status half-installed libncursesw6:amd64 6.2+20201114-2
2022-05-04 10:00:20 status unpacked libncursesw6:amd64 6.2+20201114-2
2022-05-04 10:00:20 install libprocps8:amd64 <none> 2:3.3.17-5
2022-05-04 10:00:20 status half-installed libprocps8:amd64 2:3.3.17-5
2022-05-04 10:00:20 status unpacked libprocps8:amd64 2:3.3.17-5
2022-05-04 10:00:20 install procps:amd64 <none> 2:3.3.17-5
2022-05-04 10:00:20 status half-installed procps:amd64 2:3.3.17-5
2022-05-04 10:00:20 status unpacked procps:amd64 2:3.3.17-5
2022-05-04 10:00:20 install sensible-utils:all <none> 0.0.14
2022-05-04 10:00:20 status half-installed sensible-utils:all 0.0.14
2022-05-04 10:00:20 status unpacked sensible-utils:all 0.0.14
2022-05-04 10:00:20 install openssl:amd64 <none> 1.1.1n-0+deb11u1
2022-05-04 10:00:20 status half-installed openssl:amd64 1.1.1n-0+deb11u1
2022-05-04 10:00:20 status unpacked openssl:amd64 1.1.1n-0+deb11u1
2022-05-04 10:00:20 install ca-certificates:all <none> 20210119
2022-05-04 10:00:20 status half-installed ca-certificates:all 20210119
2022-05-04 10:00:20 status unpacked ca-certificates:all 20210119
2022-05-04 10:00:20 install libedit2:amd64 <none> 3.1-20191231-2+b1
2022-05-04 10:00:20 status half-installed libedit2:amd64 3.1-20191231-2+b1
2022-05-04 10:00:20 status unpacked libedit2:amd64 3.1-20191231-2+b1
2022-05-04 10:00:20 install libcbor0:amd64 <none> 0.5.0+dfsg-2
2022-05-04 10:00:20 status half-installed libcbor0:amd64 0.5.0+dfsg-2
2022-05-04 10:00:20 status unpacked libcbor0:amd64 0.5.0+dfsg-2
2022-05-04 10:00:20 install libfido2-1:amd64 <none> 1.6.0-2
2022-05-04 10:00:20 status half-installed libfido2-1:amd64 1.6.0-2
2022-05-04 10:00:20 status unpacked libfido2-1:amd64 1.6.0-2
2022-05-04 10:00:20 install openssh-client:amd64 <none> 1:8.4p1-5
2022-05-04 10:00:20 status half-installed openssh-client:amd64 1:8.4p1-5
2022-05-04 10:00:20 status unpacked openssh-client:amd64 1:8.4p1-5
2022-05-04 10:00:20 install ucf:all <none> 3.0043
2022-05-04 10:00:20 status half-installed ucf:all 3.0043
2022-05-04 10:00:20 status unpacked ucf:all 3.0043
2022-05-04 10:00:20 install xz-utils:amd64 <none> 5.2.5-2.1~deb11u1
2022-05-04 10:00:20 status half-installed xz-utils:amd64 5.2.5-2.1~deb11u1
2022-05-04 10:00:21 status unpacked xz-utils:amd64 5.2.5-2.1~deb11u1
2022-05-04 10:00:21 install libdevmapper1.02.1:amd64 <none> 2:1.02.175-2.1
2022-05-04 10:00:21 status half-installed libdevmapper1.02.1:amd64 2:1.02.175-2.1
2022-05-04 10:00:21 status unpacked libdevmapper1.02.1:amd64 2:1.02.175-2.1
2022-05-04 10:00:21 install dmsetup:amd64 <none> 2:1.02.175-2.1
2022-05-04 10:00:21 status half-installed dmsetup:amd64 2:1.02.175-2.1
2022-05-04 10:00:21 status unpacked dmsetup:amd64 2:1.02.175-2.1
2022-05-04 10:00:21 install libfuse2:amd64 <none> 2.9.9-5
2022-05-04 10:00:21 status half-installed libfuse2:amd64 2.9.9-5
2022-05-04 10:00:21 status unpacked libfuse2:amd64 2.9.9-5
2022-05-04 10:00:21 install fuse:amd64 <none> 2.9.9-5
2022-05-04 10:00:21 status half-installed fuse:amd64 2.9.9-5
2022-05-04 10:00:21 status unpacked fuse:amd64 2.9.9-5
2022-05-04 10:00:21 install libbrotli1:amd64 <none> 1.0.9-2+b2
2022-05-04 10:00:21 status half-installed libbrotli1:amd64 1.0.9-2+b2
2022-05-04 10:00:21 status unpacked libbrotli1:amd64 1.0.9-2+b2
2022-05-04 10:00:21 install libsasl2-modules-db:amd64 <none> 2.1.27+dfsg-2.1+deb11u1
2022-05-04 10:00:21 status half-installed libsasl2-modules-db:amd64 2.1.27+dfsg-2.1+deb11u1
2022-05-04 10:00:21 status unpacked libsasl2-modules-db:amd64 2.1.27+dfsg-2.1+deb11u1
2022-05-04 10:00:21 install libsasl2-2:amd64 <none> 2.1.27+dfsg-2.1+deb11u1
2022-05-04 10:00:21 status half-installed libsasl2-2:amd64 2.1.27+dfsg-2.1+deb11u1
2022-05-04 10:00:21 status unpacked libsasl2-2:amd64 2.1.27+dfsg-2.1+deb11u1
2022-05-04 10:00:21 install libldap-2.4-2:amd64 <none> 2.4.57+dfsg-3
2022-05-04 10:00:21 status half-installed libldap-2.4-2:amd64 2.4.57+dfsg-3
2022-05-04 10:00:21 status unpacked libldap-2.4-2:amd64 2.4.57+dfsg-3
2022-05-04 10:00:21 install libnghttp2-14:amd64 <none> 1.43.0-1
2022-05-04 10:00:21 status half-installed libnghttp2-14:amd64 1.43.0-1
2022-05-04 10:00:21 status unpacked libnghttp2-14:amd64 1.43.0-1
2022-05-04 10:00:21 install libpsl5:amd64 <none> 0.21.0-1.2
2022-05-04 10:00:21 status half-installed libpsl5:amd64 0.21.0-1.2
2022-05-04 10:00:21 status unpacked libpsl5:amd64 0.21.0-1.2
2022-05-04 10:00:21 install librtmp1:amd64 <none> 2.4+20151223.gitfa8646d.1-2+b2
2022-05-04 10:00:21 status half-installed librtmp1:amd64 2.4+20151223.gitfa8646d.1-2+b2
2022-05-04 10:00:21 status unpacked librtmp1:amd64 2.4+20151223.gitfa8646d.1-2+b2
2022-05-04 10:00:21 install libssh2-1:amd64 <none> 1.9.0-2
2022-05-04 10:00:21 status half-installed libssh2-1:amd64 1.9.0-2
2022-05-04 10:00:21 status unpacked libssh2-1:amd64 1.9.0-2
2022-05-04 10:00:21 install libcurl3-gnutls:amd64 <none> 7.74.0-1.3+deb11u1
2022-05-04 10:00:21 status half-installed libcurl3-gnutls:amd64 7.74.0-1.3+deb11u1
2022-05-04 10:00:21 status unpacked libcurl3-gnutls:amd64 7.74.0-1.3+deb11u1
2022-05-04 10:00:21 install libexpat1:amd64 <none> 2.2.10-2+deb11u3
2022-05-04 10:00:21 status half-installed libexpat1:amd64 2.2.10-2+deb11u3
2022-05-04 10:00:21 status unpacked libexpat1:amd64 2.2.10-2+deb11u3
2022-05-04 10:00:21 install liberror-perl:all <none> 0.17029-1
2022-05-04 10:00:21 status half-installed liberror-perl:all 0.17029-1
2022-05-04 10:00:21 status unpacked liberror-perl:all 0.17029-1
2022-05-04 10:00:21 install git-man:all <none> 1:2.30.2-1
2022-05-04 10:00:21 status half-installed git-man:all 1:2.30.2-1
2022-05-04 10:00:22 status unpacked git-man:all 1:2.30.2-1
2022-05-04 10:00:22 install git:amd64 <none> 1:2.30.2-1
2022-05-04 10:00:22 status half-installed git:amd64 1:2.30.2-1
2022-05-04 10:00:23 status unpacked git:amd64 1:2.30.2-1
2022-05-04 10:00:23 install libip4tc2:amd64 <none> 1.8.7-1
2022-05-04 10:00:23 status half-installed libip4tc2:amd64 1.8.7-1
2022-05-04 10:00:23 status unpacked libip4tc2:amd64 1.8.7-1
2022-05-04 10:00:23 install libip6tc2:amd64 <none> 1.8.7-1
2022-05-04 10:00:23 status half-installed libip6tc2:amd64 1.8.7-1
2022-05-04 10:00:23 status unpacked libip6tc2:amd64 1.8.7-1
2022-05-04 10:00:23 install libnfnetlink0:amd64 <none> 1.0.1-3+b1
2022-05-04 10:00:23 status half-installed libnfnetlink0:amd64 1.0.1-3+b1
2022-05-04 10:00:23 status unpacked libnfnetlink0:amd64 1.0.1-3+b1
2022-05-04 10:00:23 install libnetfilter-conntrack3:amd64 <none> 1.0.8-3
2022-05-04 10:00:23 status half-installed libnetfilter-conntrack3:amd64 1.0.8-3
2022-05-04 10:00:23 status unpacked libnetfilter-conntrack3:amd64 1.0.8-3
2022-05-04 10:00:23 install libnftnl11:amd64 <none> 1.1.9-1
2022-05-04 10:00:23 status half-installed libnftnl11:amd64 1.1.9-1
2022-05-04 10:00:23 status unpacked libnftnl11:amd64 1.1.9-1
2022-05-04 10:00:23 install iptables:amd64 <none> 1.8.7-1
2022-05-04 10:00:23 status half-installed iptables:amd64 1.8.7-1
2022-05-04 10:00:23 status unpacked iptables:amd64 1.8.7-1
2022-05-04 10:00:23 install keyutils:amd64 <none> 1.6.1-2
2022-05-04 10:00:23 status half-installed keyutils:amd64 1.6.1-2
2022-05-04 10:00:23 status unpacked keyutils:amd64 1.6.1-2
2022-05-04 10:00:23 install libevent-2.1-7:amd64 <none> 2.1.12-stable-1
2022-05-04 10:00:23 status half-installed libevent-2.1-7:amd64 2.1.12-stable-1
2022-05-04 10:00:23 status unpacked libevent-2.1-7:amd64 2.1.12-stable-1
2022-05-04 10:00:23 install libnfsidmap2:amd64 <none> 0.25-6
2022-05-04 10:00:23 status half-installed libnfsidmap2:amd64 0.25-6
2022-05-04 10:00:23 status unpacked libnfsidmap2:amd64 0.25-6
2022-05-04 10:00:23 install nfs-common:amd64 <none> 1:1.3.4-6
2022-05-04 10:00:23 status half-installed nfs-common:amd64 1:1.3.4-6
2022-05-04 10:00:23 status unpacked nfs-common:amd64 1:1.3.4-6
2022-05-04 10:00:23 install socat:amd64 <none> 1.7.4.1-3
2022-05-04 10:00:23 status half-installed socat:amd64 1.7.4.1-3
2022-05-04 10:00:23 status unpacked socat:amd64 1.7.4.1-3
2022-05-04 10:00:23 startup packages configure
2022-05-04 10:00:23 configure libip4tc2:amd64 1.8.7-1 <none>
2022-05-04 10:00:23 status unpacked libip4tc2:amd64 1.8.7-1
2022-05-04 10:00:23 status half-configured libip4tc2:amd64 1.8.7-1
2022-05-04 10:00:23 status installed libip4tc2:amd64 1.8.7-1
2022-05-04 10:00:23 configure libexpat1:amd64 2.2.10-2+deb11u3 <none>
2022-05-04 10:00:23 status unpacked libexpat1:amd64 2.2.10-2+deb11u3
2022-05-04 10:00:23 status half-configured libexpat1:amd64 2.2.10-2+deb11u3
2022-05-04 10:00:24 status installed libexpat1:amd64 2.2.10-2+deb11u3
2022-05-04 10:00:24 configure libpsl5:amd64 0.21.0-1.2 <none>
2022-05-04 10:00:24 status unpacked libpsl5:amd64 0.21.0-1.2
2022-05-04 10:00:24 status half-configured libpsl5:amd64 0.21.0-1.2
2022-05-04 10:00:24 status installed libpsl5:amd64 0.21.0-1.2
2022-05-04 10:00:24 configure libip6tc2:amd64 1.8.7-1 <none>
2022-05-04 10:00:24 status unpacked libip6tc2:amd64 1.8.7-1
2022-05-04 10:00:24 status half-configured libip6tc2:amd64 1.8.7-1
2022-05-04 10:00:24 status installed libip6tc2:amd64 1.8.7-1
2022-05-04 10:00:24 configure perl-modules-5.32:all 5.32.1-4+deb11u2 <none>
2022-05-04 10:00:24 status unpacked perl-modules-5.32:all 5.32.1-4+deb11u2
2022-05-04 10:00:24 status half-configured perl-modules-5.32:all 5.32.1-4+deb11u2
2022-05-04 10:00:24 status installed perl-modules-5.32:all 5.32.1-4+deb11u2
2022-05-04 10:00:24 configure libbrotli1:amd64 1.0.9-2+b2 <none>
2022-05-04 10:00:24 status unpacked libbrotli1:amd64 1.0.9-2+b2
2022-05-04 10:00:24 status half-configured libbrotli1:amd64 1.0.9-2+b2
2022-05-04 10:00:24 status installed libbrotli1:amd64 1.0.9-2+b2
2022-05-04 10:00:24 configure libcbor0:amd64 0.5.0+dfsg-2 <none>
2022-05-04 10:00:24 status unpacked libcbor0:amd64 0.5.0+dfsg-2
2022-05-04 10:00:24 status half-configured libcbor0:amd64 0.5.0+dfsg-2
2022-05-04 10:00:24 status installed libcbor0:amd64 0.5.0+dfsg-2
2022-05-04 10:00:24 configure libnghttp2-14:amd64 1.43.0-1 <none>
2022-05-04 10:00:24 status unpacked libnghttp2-14:amd64 1.43.0-1
2022-05-04 10:00:24 status half-configured libnghttp2-14:amd64 1.43.0-1
2022-05-04 10:00:24 status installed libnghttp2-14:amd64 1.43.0-1
2022-05-04 10:00:24 configure libfuse2:amd64 2.9.9-5 <none>
2022-05-04 10:00:24 status unpacked libfuse2:amd64 2.9.9-5
2022-05-04 10:00:24 status half-configured libfuse2:amd64 2.9.9-5
2022-05-04 10:00:24 status installed libfuse2:amd64 2.9.9-5
2022-05-04 10:00:24 configure libcap2:amd64 1:2.44-1 <none>
2022-05-04 10:00:24 status unpacked libcap2:amd64 1:2.44-1
2022-05-04 10:00:24 status half-configured libcap2:amd64 1:2.44-1
2022-05-04 10:00:24 status installed libcap2:amd64 1:2.44-1
2022-05-04 10:00:24 configure libsasl2-modules-db:amd64 2.1.27+dfsg-2.1+deb11u1 <none>
2022-05-04 10:00:24 status unpacked libsasl2-modules-db:amd64 2.1.27+dfsg-2.1+deb11u1
2022-05-04 10:00:24 status half-configured libsasl2-modules-db:amd64 2.1.27+dfsg-2.1+deb11u1
2022-05-04 10:00:24 status installed libsasl2-modules-db:amd64 2.1.27+dfsg-2.1+deb11u1
2022-05-04 10:00:24 configure libcap2-bin:amd64 1:2.44-1 <none>
2022-05-04 10:00:24 status unpacked libcap2-bin:amd64 1:2.44-1
2022-05-04 10:00:24 status half-configured libcap2-bin:amd64 1:2.44-1
2022-05-04 10:00:24 status installed libcap2-bin:amd64 1:2.44-1
2022-05-04 10:00:24 configure libwrap0:amd64 7.6.q-31 <none>
2022-05-04 10:00:24 status unpacked libwrap0:amd64 7.6.q-31
2022-05-04 10:00:24 status half-configured libwrap0:amd64 7.6.q-31
2022-05-04 10:00:24 status installed libwrap0:amd64 7.6.q-31
2022-05-04 10:00:24 configure librtmp1:amd64 2.4+20151223.gitfa8646d.1-2+b2 <none>
2022-05-04 10:00:24 status unpacked librtmp1:amd64 2.4+20151223.gitfa8646d.1-2+b2
2022-05-04 10:00:24 status half-configured librtmp1:amd64 2.4+20151223.gitfa8646d.1-2+b2
2022-05-04 10:00:24 status installed librtmp1:amd64 2.4+20151223.gitfa8646d.1-2+b2
2022-05-04 10:00:24 configure socat:amd64 1.7.4.1-3 <none>
2022-05-04 10:00:24 status unpacked socat:amd64 1.7.4.1-3
2022-05-04 10:00:24 status half-configured socat:amd64 1.7.4.1-3
2022-05-04 10:00:24 status installed socat:amd64 1.7.4.1-3
2022-05-04 10:00:24 configure libncurses6:amd64 6.2+20201114-2 <none>
2022-05-04 10:00:24 status unpacked libncurses6:amd64 6.2+20201114-2
2022-05-04 10:00:24 status half-configured libncurses6:amd64 6.2+20201114-2
2022-05-04 10:00:24 status installed libncurses6:amd64 6.2+20201114-2
2022-05-04 10:00:24 configure xz-utils:amd64 5.2.5-2.1~deb11u1 <none>
2022-05-04 10:00:24 status unpacked xz-utils:amd64 5.2.5-2.1~deb11u1
2022-05-04 10:00:24 status half-configured xz-utils:amd64 5.2.5-2.1~deb11u1
2022-05-04 10:00:24 status installed xz-utils:amd64 5.2.5-2.1~deb11u1
2022-05-04 10:00:24 configure libmnl0:amd64 1.0.4-3 <none>
2022-05-04 10:00:24 status unpacked libmnl0:amd64 1.0.4-3
2022-05-04 10:00:24 status half-configured libmnl0:amd64 1.0.4-3
2022-05-04 10:00:24 status installed libmnl0:amd64 1.0.4-3
2022-05-04 10:00:24 configure libevent-2.1-7:amd64 2.1.12-stable-1 <none>
2022-05-04 10:00:24 status unpacked libevent-2.1-7:amd64 2.1.12-stable-1
2022-05-04 10:00:24 status half-configured libevent-2.1-7:amd64 2.1.12-stable-1
2022-05-04 10:00:24 status installed libevent-2.1-7:amd64 2.1.12-stable-1
2022-05-04 10:00:24 configure libncursesw6:amd64 6.2+20201114-2 <none>
2022-05-04 10:00:24 status unpacked libncursesw6:amd64 6.2+20201114-2
2022-05-04 10:00:24 status half-configured libncursesw6:amd64 6.2+20201114-2
2022-05-04 10:00:24 status installed libncursesw6:amd64 6.2+20201114-2
2022-05-04 10:00:24 configure libxtables12:amd64 1.8.7-1 <none>
2022-05-04 10:00:24 status unpacked libxtables12:amd64 1.8.7-1
2022-05-04 10:00:24 status half-configured libxtables12:amd64 1.8.7-1
2022-05-04 10:00:24 status installed libxtables12:amd64 1.8.7-1
2022-05-04 10:00:24 configure libsasl2-2:amd64 2.1.27+dfsg-2.1+deb11u1 <none>
2022-05-04 10:00:24 status unpacked libsasl2-2:amd64 2.1.27+dfsg-2.1+deb11u1
2022-05-04 10:00:24 status half-configured libsasl2-2:amd64 2.1.27+dfsg-2.1+deb11u1
2022-05-04 10:00:24 status installed libsasl2-2:amd64 2.1.27+dfsg-2.1+deb11u1
2022-05-04 10:00:24 configure libmd0:amd64 1.0.3-3 <none>
2022-05-04 10:00:24 status unpacked libmd0:amd64 1.0.3-3
2022-05-04 10:00:24 status half-configured libmd0:amd64 1.0.3-3
2022-05-04 10:00:24 status installed libmd0:amd64 1.0.3-3
2022-05-04 10:00:24 configure keyutils:amd64 1.6.1-2 <none>
2022-05-04 10:00:24 status unpacked keyutils:amd64 1.6.1-2
2022-05-04 10:00:24 status half-configured keyutils:amd64 1.6.1-2
2022-05-04 10:00:24 status installed keyutils:amd64 1.6.1-2
2022-05-04 10:00:24 configure sensible-utils:all 0.0.14 <none>
2022-05-04 10:00:24 status unpacked sensible-utils:all 0.0.14
2022-05-04 10:00:24 status half-configured sensible-utils:all 0.0.14
2022-05-04 10:00:24 status installed sensible-utils:all 0.0.14
2022-05-04 10:00:24 configure uuid-runtime:amd64 2.36.1-8+deb11u1 <none>
2022-05-04 10:00:24 status unpacked uuid-runtime:amd64 2.36.1-8+deb11u1
2022-05-04 10:00:24 status half-configured uuid-runtime:amd64 2.36.1-8+deb11u1
2022-05-04 10:00:24 status installed uuid-runtime:amd64 2.36.1-8+deb11u1
2022-05-04 10:00:24 configure libnfnetlink0:amd64 1.0.1-3+b1 <none>
2022-05-04 10:00:24 status unpacked libnfnetlink0:amd64 1.0.1-3+b1
2022-05-04 10:00:24 status half-configured libnfnetlink0:amd64 1.0.1-3+b1
2022-05-04 10:00:24 status installed libnfnetlink0:amd64 1.0.1-3+b1
2022-05-04 10:00:24 configure git-man:all 1:2.30.2-1 <none>
2022-05-04 10:00:24 status unpacked git-man:all 1:2.30.2-1
2022-05-04 10:00:24 status half-configured git-man:all 1:2.30.2-1
2022-05-04 10:00:24 status installed git-man:all 1:2.30.2-1
2022-05-04 10:00:24 configure libssh2-1:amd64 1.9.0-2 <none>
2022-05-04 10:00:24 status unpacked libssh2-1:amd64 1.9.0-2
2022-05-04 10:00:25 status half-configured libssh2-1:amd64 1.9.0-2
2022-05-04 10:00:25 status installed libssh2-1:amd64 1.9.0-2
2022-05-04 10:00:25 configure netbase:all 6.3 <none>
2022-05-04 10:00:25 status unpacked netbase:all 6.3
2022-05-04 10:00:25 status half-configured netbase:all 6.3
2022-05-04 10:00:25 status installed netbase:all 6.3
2022-05-04 10:00:25 configure libfido2-1:amd64 1.6.0-2 <none>
2022-05-04 10:00:25 status unpacked libfido2-1:amd64 1.6.0-2
2022-05-04 10:00:25 status half-configured libfido2-1:amd64 1.6.0-2
2022-05-04 10:00:25 status installed libfido2-1:amd64 1.6.0-2
2022-05-04 10:00:25 configure openssl:amd64 1.1.1n-0+deb11u1 <none>
2022-05-04 10:00:25 status unpacked openssl:amd64 1.1.1n-0+deb11u1
2022-05-04 10:00:25 status half-configured openssl:amd64 1.1.1n-0+deb11u1
2022-05-04 10:00:25 status installed openssl:amd64 1.1.1n-0+deb11u1
2022-05-04 10:00:25 configure libbsd0:amd64 0.11.3-1 <none>
2022-05-04 10:00:25 status unpacked libbsd0:amd64 0.11.3-1
2022-05-04 10:00:25 status half-configured libbsd0:amd64 0.11.3-1
2022-05-04 10:00:25 status installed libbsd0:amd64 0.11.3-1
2022-05-04 10:00:25 configure libelf1:amd64 0.183-1 <none>
2022-05-04 10:00:25 status unpacked libelf1:amd64 0.183-1
2022-05-04 10:00:25 status half-configured libelf1:amd64 0.183-1
2022-05-04 10:00:25 status installed libelf1:amd64 0.183-1
2022-05-04 10:00:25 configure libprocps8:amd64 2:3.3.17-5 <none>
2022-05-04 10:00:25 status unpacked libprocps8:amd64 2:3.3.17-5
2022-05-04 10:00:25 status half-configured libprocps8:amd64 2:3.3.17-5
2022-05-04 10:00:25 status installed libprocps8:amd64 2:3.3.17-5
2022-05-04 10:00:25 configure libgdbm6:amd64 1.19-2 <none>
2022-05-04 10:00:25 status unpacked libgdbm6:amd64 1.19-2
2022-05-04 10:00:25 status half-configured libgdbm6:amd64 1.19-2
2022-05-04 10:00:25 status installed libgdbm6:amd64 1.19-2
2022-05-04 10:00:25 configure fuse:amd64 2.9.9-5 <none>
2022-05-04 10:00:25 status unpacked fuse:amd64 2.9.9-5
2022-05-04 10:00:25 status half-configured fuse:amd64 2.9.9-5
2022-05-04 10:00:25 status installed fuse:amd64 2.9.9-5
2022-05-04 10:00:25 configure libedit2:amd64 3.1-20191231-2+b1 <none>
2022-05-04 10:00:25 status unpacked libedit2:amd64 3.1-20191231-2+b1
2022-05-04 10:00:25 status half-configured libedit2:amd64 3.1-20191231-2+b1
2022-05-04 10:00:25 status installed libedit2:amd64 3.1-20191231-2+b1
2022-05-04 10:00:25 configure libldap-2.4-2:amd64 2.4.57+dfsg-3 <none>
2022-05-04 10:00:25 status unpacked libldap-2.4-2:amd64 2.4.57+dfsg-3
2022-05-04 10:00:25 status half-configured libldap-2.4-2:amd64 2.4.57+dfsg-3
2022-05-04 10:00:25 status installed libldap-2.4-2:amd64 2.4.57+dfsg-3
2022-05-04 10:00:25 configure libnftnl11:amd64 1.1.9-1 <none>
2022-05-04 10:00:25 status unpacked libnftnl11:amd64 1.1.9-1
2022-05-04 10:00:25 status half-configured libnftnl11:amd64 1.1.9-1
2022-05-04 10:00:25 status installed libnftnl11:amd64 1.1.9-1
2022-05-04 10:00:25 configure libcurl3-gnutls:amd64 7.74.0-1.3+deb11u1 <none>
2022-05-04 10:00:25 status unpacked libcurl3-gnutls:amd64 7.74.0-1.3+deb11u1
2022-05-04 10:00:25 status half-configured libcurl3-gnutls:amd64 7.74.0-1.3+deb11u1
2022-05-04 10:00:25 status installed libcurl3-gnutls:amd64 7.74.0-1.3+deb11u1
2022-05-04 10:00:25 configure rpcbind:amd64 1.2.5-9 <none>
2022-05-04 10:00:25 status unpacked rpcbind:amd64 1.2.5-9
2022-05-04 10:00:25 status half-configured rpcbind:amd64 1.2.5-9
2022-05-04 10:00:25 status installed rpcbind:amd64 1.2.5-9
2022-05-04 10:00:25 configure ca-certificates:all 20210119 <none>
2022-05-04 10:00:25 status unpacked ca-certificates:all 20210119
2022-05-04 10:00:25 status half-configured ca-certificates:all 20210119
2022-05-04 10:00:26 status installed ca-certificates:all 20210119
2022-05-04 10:00:26 status triggers-pending ca-certificates:all 20210119
2022-05-04 10:00:26 configure libgdbm-compat4:amd64 1.19-2 <none>
2022-05-04 10:00:26 status unpacked libgdbm-compat4:amd64 1.19-2
2022-05-04 10:00:26 status half-configured libgdbm-compat4:amd64 1.19-2
2022-05-04 10:00:26 status installed libgdbm-compat4:amd64 1.19-2
2022-05-04 10:00:26 configure ucf:all 3.0043 <none>
2022-05-04 10:00:26 status unpacked ucf:all 3.0043
2022-05-04 10:00:26 status half-configured ucf:all 3.0043
2022-05-04 10:00:26 status installed ucf:all 3.0043
2022-05-04 10:00:26 configure libperl5.32:amd64 5.32.1-4+deb11u2 <none>
2022-05-04 10:00:26 status unpacked libperl5.32:amd64 5.32.1-4+deb11u2
2022-05-04 10:00:26 status half-configured libperl5.32:amd64 5.32.1-4+deb11u2
2022-05-04 10:00:26 status installed libperl5.32:amd64 5.32.1-4+deb11u2
2022-05-04 10:00:26 configure libnetfilter-conntrack3:amd64 1.0.8-3 <none>
2022-05-04 10:00:26 status unpacked libnetfilter-conntrack3:amd64 1.0.8-3
2022-05-04 10:00:26 status half-configured libnetfilter-conntrack3:amd64 1.0.8-3
2022-05-04 10:00:26 status installed libnetfilter-conntrack3:amd64 1.0.8-3
2022-05-04 10:00:26 configure procps:amd64 2:3.3.17-5 <none>
2022-05-04 10:00:26 status unpacked procps:amd64 2:3.3.17-5
2022-05-04 10:00:26 status half-configured procps:amd64 2:3.3.17-5
2022-05-04 10:00:27 status installed procps:amd64 2:3.3.17-5
2022-05-04 10:00:27 configure libbpf0:amd64 1:0.3-2 <none>
2022-05-04 10:00:27 status unpacked libbpf0:amd64 1:0.3-2
2022-05-04 10:00:27 status half-configured libbpf0:amd64 1:0.3-2
2022-05-04 10:00:27 status installed libbpf0:amd64 1:0.3-2
2022-05-04 10:00:27 configure libnfsidmap2:amd64 0.25-6 <none>
2022-05-04 10:00:27 status unpacked libnfsidmap2:amd64 0.25-6
2022-05-04 10:00:27 status half-configured libnfsidmap2:amd64 0.25-6
2022-05-04 10:00:27 status installed libnfsidmap2:amd64 0.25-6
2022-05-04 10:00:27 configure iptables:amd64 1.8.7-1 <none>
2022-05-04 10:00:27 status unpacked iptables:amd64 1.8.7-1
2022-05-04 10:00:27 status half-configured iptables:amd64 1.8.7-1
2022-05-04 10:00:27 status installed iptables:amd64 1.8.7-1
2022-05-04 10:00:27 configure iproute2:amd64 5.10.0-4 <none>
2022-05-04 10:00:27 status unpacked iproute2:amd64 5.10.0-4
2022-05-04 10:00:27 status half-configured iproute2:amd64 5.10.0-4
2022-05-04 10:00:27 status installed iproute2:amd64 5.10.0-4
2022-05-04 10:00:27 configure openssh-client:amd64 1:8.4p1-5 <none>
2022-05-04 10:00:27 status unpacked openssh-client:amd64 1:8.4p1-5
2022-05-04 10:00:27 status half-configured openssh-client:amd64 1:8.4p1-5
2022-05-04 10:00:27 status installed openssh-client:amd64 1:8.4p1-5
2022-05-04 10:00:27 configure perl:amd64 5.32.1-4+deb11u2 <none>
2022-05-04 10:00:27 status unpacked perl:amd64 5.32.1-4+deb11u2
2022-05-04 10:00:27 status half-configured perl:amd64 5.32.1-4+deb11u2
2022-05-04 10:00:27 status installed perl:amd64 5.32.1-4+deb11u2
2022-05-04 10:00:27 configure liberror-perl:all 0.17029-1 <none>
2022-05-04 10:00:27 status unpacked liberror-perl:all 0.17029-1
2022-05-04 10:00:27 status half-configured liberror-perl:all 0.17029-1
2022-05-04 10:00:27 status installed liberror-perl:all 0.17029-1
2022-05-04 10:00:27 configure git:amd64 1:2.30.2-1 <none>
2022-05-04 10:00:27 status unpacked git:amd64 1:2.30.2-1
2022-05-04 10:00:27 status half-configured git:amd64 1:2.30.2-1
2022-05-04 10:00:27 status installed git:amd64 1:2.30.2-1
2022-05-04 10:00:27 configure libdevmapper1.02.1:amd64 2:1.02.175-2.1 <none>
2022-05-04 10:00:27 status unpacked libdevmapper1.02.1:amd64 2:1.02.175-2.1
2022-05-04 10:00:27 status half-configured libdevmapper1.02.1:amd64 2:1.02.175-2.1
2022-05-04 10:00:27 status installed libdevmapper1.02.1:amd64 2:1.02.175-2.1
2022-05-04 10:00:27 configure dmsetup:amd64 2:1.02.175-2.1 <none>
2022-05-04 10:00:27 status unpacked dmsetup:amd64 2:1.02.175-2.1
2022-05-04 10:00:27 status half-configured dmsetup:amd64 2:1.02.175-2.1
2022-05-04 10:00:27 status installed dmsetup:amd64 2:1.02.175-2.1
2022-05-04 10:00:27 configure nfs-common:amd64 1:1.3.4-6 <none>
2022-05-04 10:00:27 status unpacked nfs-common:amd64 1:1.3.4-6
2022-05-04 10:00:27 status half-configured nfs-common:amd64 1:1.3.4-6
2022-05-04 10:00:28 status installed nfs-common:amd64 1:1.3.4-6
2022-05-04 10:00:28 trigproc libc-bin:amd64 2.31-13+deb11u3 <none>
2022-05-04 10:00:28 status half-configured libc-bin:amd64 2.31-13+deb11u3
2022-05-04 10:00:28 status installed libc-bin:amd64 2.31-13+deb11u3
2022-05-04 10:00:28 trigproc ca-certificates:all 20210119 <none>
2022-05-04 10:00:28 status half-configured ca-certificates:all 20210119
2022-05-04 10:00:28 status installed ca-certificates:all 20210119
2022-05-04 10:00:31 startup archives unpack
2022-05-04 10:00:31 install readline-common:all <none> 8.1-1
2022-05-04 10:00:31 status half-installed readline-common:all 8.1-1
2022-05-04 10:00:31 status unpacked readline-common:all 8.1-1
2022-05-04 10:00:31 install libreadline8:amd64 <none> 8.1-1
2022-05-04 10:00:31 status triggers-pending libc-bin:amd64 2.31-13+deb11u3
2022-05-04 10:00:31 status half-installed libreadline8:amd64 8.1-1
2022-05-04 10:00:31 status unpacked libreadline8:amd64 8.1-1
2022-05-04 10:00:31 install libcurl4:amd64 <none> 7.74.0-1.3+deb11u1
2022-05-04 10:00:31 status half-installed libcurl4:amd64 7.74.0-1.3+deb11u1
2022-05-04 10:00:31 status unpacked libcurl4:amd64 7.74.0-1.3+deb11u1
2022-05-04 10:00:31 install curl:amd64 <none> 7.74.0-1.3+deb11u1
2022-05-04 10:00:31 status half-installed curl:amd64 7.74.0-1.3+deb11u1
2022-05-04 10:00:31 status unpacked curl:amd64 7.74.0-1.3+deb11u1
2022-05-04 10:00:31 install libassuan0:amd64 <none> 2.5.3-7.1
2022-05-04 10:00:31 status half-installed libassuan0:amd64 2.5.3-7.1
2022-05-04 10:00:31 status unpacked libassuan0:amd64 2.5.3-7.1
2022-05-04 10:00:31 install gpgconf:amd64 <none> 2.2.27-2+deb11u1
2022-05-04 10:00:31 status half-installed gpgconf:amd64 2.2.27-2+deb11u1
2022-05-04 10:00:31 status unpacked gpgconf:amd64 2.2.27-2+deb11u1
2022-05-04 10:00:31 install libksba8:amd64 <none> 1.5.0-3
2022-05-04 10:00:31 status half-installed libksba8:amd64 1.5.0-3
2022-05-04 10:00:31 status unpacked libksba8:amd64 1.5.0-3
2022-05-04 10:00:31 install libnpth0:amd64 <none> 1.6-3
2022-05-04 10:00:31 status half-installed libnpth0:amd64 1.6-3
2022-05-04 10:00:31 status unpacked libnpth0:amd64 1.6-3
2022-05-04 10:00:31 install dirmngr:amd64 <none> 2.2.27-2+deb11u1
2022-05-04 10:00:31 status half-installed dirmngr:amd64 2.2.27-2+deb11u1
2022-05-04 10:00:32 status unpacked dirmngr:amd64 2.2.27-2+deb11u1
2022-05-04 10:00:32 install gnupg-l10n:all <none> 2.2.27-2+deb11u1
2022-05-04 10:00:32 status half-installed gnupg-l10n:all 2.2.27-2+deb11u1
2022-05-04 10:00:32 status unpacked gnupg-l10n:all 2.2.27-2+deb11u1
2022-05-04 10:00:32 install gnupg-utils:amd64 <none> 2.2.27-2+deb11u1
2022-05-04 10:00:32 status half-installed gnupg-utils:amd64 2.2.27-2+deb11u1
2022-05-04 10:00:32 status unpacked gnupg-utils:amd64 2.2.27-2+deb11u1
2022-05-04 10:00:32 install libsqlite3-0:amd64 <none> 3.34.1-3
2022-05-04 10:00:32 status half-installed libsqlite3-0:amd64 3.34.1-3
2022-05-04 10:00:32 status unpacked libsqlite3-0:amd64 3.34.1-3
2022-05-04 10:00:32 install gpg:amd64 <none> 2.2.27-2+deb11u1
2022-05-04 10:00:32 status half-installed gpg:amd64 2.2.27-2+deb11u1
2022-05-04 10:00:32 status unpacked gpg:amd64 2.2.27-2+deb11u1
2022-05-04 10:00:32 install pinentry-curses:amd64 <none> 1.1.0-4
2022-05-04 10:00:32 status half-installed pinentry-curses:amd64 1.1.0-4
2022-05-04 10:00:32 status unpacked pinentry-curses:amd64 1.1.0-4
2022-05-04 10:00:32 install gpg-agent:amd64 <none> 2.2.27-2+deb11u1
2022-05-04 10:00:32 status half-installed gpg-agent:amd64 2.2.27-2+deb11u1
2022-05-04 10:00:32 status unpacked gpg-agent:amd64 2.2.27-2+deb11u1
2022-05-04 10:00:32 install gpg-wks-client:amd64 <none> 2.2.27-2+deb11u1
2022-05-04 10:00:32 status half-installed gpg-wks-client:amd64 2.2.27-2+deb11u1
2022-05-04 10:00:32 status unpacked gpg-wks-client:amd64 2.2.27-2+deb11u1
2022-05-04 10:00:32 install gpg-wks-server:amd64 <none> 2.2.27-2+deb11u1
2022-05-04 10:00:32 status half-installed gpg-wks-server:amd64 2.2.27-2+deb11u1
2022-05-04 10:00:33 status unpacked gpg-wks-server:amd64 2.2.27-2+deb11u1
2022-05-04 10:00:33 install gpgsm:amd64 <none> 2.2.27-2+deb11u1
2022-05-04 10:00:33 status half-installed gpgsm:amd64 2.2.27-2+deb11u1
2022-05-04 10:00:33 status unpacked gpgsm:amd64 2.2.27-2+deb11u1
2022-05-04 10:00:33 install gnupg:all <none> 2.2.27-2+deb11u1
2022-05-04 10:00:33 status half-installed gnupg:all 2.2.27-2+deb11u1
2022-05-04 10:00:33 status unpacked gnupg:all 2.2.27-2+deb11u1
2022-05-04 10:00:33 startup packages configure
2022-05-04 10:00:33 configure libksba8:amd64 1.5.0-3 <none>
2022-05-04 10:00:33 status unpacked libksba8:amd64 1.5.0-3
2022-05-04 10:00:33 status half-configured libksba8:amd64 1.5.0-3
2022-05-04 10:00:33 status installed libksba8:amd64 1.5.0-3
2022-05-04 10:00:33 configure libsqlite3-0:amd64 3.34.1-3 <none>
2022-05-04 10:00:33 status unpacked libsqlite3-0:amd64 3.34.1-3
2022-05-04 10:00:33 status half-configured libsqlite3-0:amd64 3.34.1-3
2022-05-04 10:00:33 status installed libsqlite3-0:amd64 3.34.1-3
2022-05-04 10:00:33 configure libnpth0:amd64 1.6-3 <none>
2022-05-04 10:00:33 status unpacked libnpth0:amd64 1.6-3
2022-05-04 10:00:33 status half-configured libnpth0:amd64 1.6-3
2022-05-04 10:00:33 status installed libnpth0:amd64 1.6-3
2022-05-04 10:00:33 configure libassuan0:amd64 2.5.3-7.1 <none>
2022-05-04 10:00:33 status unpacked libassuan0:amd64 2.5.3-7.1
2022-05-04 10:00:33 status half-configured libassuan0:amd64 2.5.3-7.1
2022-05-04 10:00:33 status installed libassuan0:amd64 2.5.3-7.1
2022-05-04 10:00:33 configure gnupg-l10n:all 2.2.27-2+deb11u1 <none>
2022-05-04 10:00:33 status unpacked gnupg-l10n:all 2.2.27-2+deb11u1
2022-05-04 10:00:33 status half-configured gnupg-l10n:all 2.2.27-2+deb11u1
2022-05-04 10:00:33 status installed gnupg-l10n:all 2.2.27-2+deb11u1
2022-05-04 10:00:33 configure libcurl4:amd64 7.74.0-1.3+deb11u1 <none>
2022-05-04 10:00:33 status unpacked libcurl4:amd64 7.74.0-1.3+deb11u1
2022-05-04 10:00:33 status half-configured libcurl4:amd64 7.74.0-1.3+deb11u1
2022-05-04 10:00:33 status installed libcurl4:amd64 7.74.0-1.3+deb11u1
2022-05-04 10:00:33 configure curl:amd64 7.74.0-1.3+deb11u1 <none>
2022-05-04 10:00:33 status unpacked curl:amd64 7.74.0-1.3+deb11u1
2022-05-04 10:00:33 status half-configured curl:amd64 7.74.0-1.3+deb11u1
2022-05-04 10:00:33 status installed curl:amd64 7.74.0-1.3+deb11u1
2022-05-04 10:00:33 configure readline-common:all 8.1-1 <none>
2022-05-04 10:00:33 status unpacked readline-common:all 8.1-1
2022-05-04 10:00:33 status half-configured readline-common:all 8.1-1
2022-05-04 10:00:33 status installed readline-common:all 8.1-1
2022-05-04 10:00:33 configure pinentry-curses:amd64 1.1.0-4 <none>
2022-05-04 10:00:33 status unpacked pinentry-curses:amd64 1.1.0-4
2022-05-04 10:00:33 status half-configured pinentry-curses:amd64 1.1.0-4
2022-05-04 10:00:33 status installed pinentry-curses:amd64 1.1.0-4
2022-05-04 10:00:33 configure libreadline8:amd64 8.1-1 <none>
2022-05-04 10:00:33 status unpacked libreadline8:amd64 8.1-1
2022-05-04 10:00:33 status half-configured libreadline8:amd64 8.1-1
2022-05-04 10:00:33 status installed libreadline8:amd64 8.1-1
2022-05-04 10:00:33 configure gpgconf:amd64 2.2.27-2+deb11u1 <none>
2022-05-04 10:00:33 status unpacked gpgconf:amd64 2.2.27-2+deb11u1
2022-05-04 10:00:33 status half-configured gpgconf:amd64 2.2.27-2+deb11u1
2022-05-04 10:00:33 status installed gpgconf:amd64 2.2.27-2+deb11u1
2022-05-04 10:00:33 configure gpg:amd64 2.2.27-2+deb11u1 <none>
2022-05-04 10:00:33 status unpacked gpg:amd64 2.2.27-2+deb11u1
2022-05-04 10:00:33 status half-configured gpg:amd64 2.2.27-2+deb11u1
2022-05-04 10:00:33 status installed gpg:amd64 2.2.27-2+deb11u1
2022-05-04 10:00:33 configure gnupg-utils:amd64 2.2.27-2+deb11u1 <none>
2022-05-04 10:00:33 status unpacked gnupg-utils:amd64 2.2.27-2+deb11u1
2022-05-04 10:00:33 status half-configured gnupg-utils:amd64 2.2.27-2+deb11u1
2022-05-04 10:00:33 status installed gnupg-utils:amd64 2.2.27-2+deb11u1
2022-05-04 10:00:33 configure gpg-agent:amd64 2.2.27-2+deb11u1 <none>
2022-05-04 10:00:33 status unpacked gpg-agent:amd64 2.2.27-2+deb11u1
2022-05-04 10:00:33 status half-configured gpg-agent:amd64 2.2.27-2+deb11u1
2022-05-04 10:00:34 status installed gpg-agent:amd64 2.2.27-2+deb11u1
2022-05-04 10:00:34 configure gpgsm:amd64 2.2.27-2+deb11u1 <none>
2022-05-04 10:00:34 status unpacked gpgsm:amd64 2.2.27-2+deb11u1
2022-05-04 10:00:34 status half-configured gpgsm:amd64 2.2.27-2+deb11u1
2022-05-04 10:00:34 status installed gpgsm:amd64 2.2.27-2+deb11u1
2022-05-04 10:00:34 configure dirmngr:amd64 2.2.27-2+deb11u1 <none>
2022-05-04 10:00:34 status unpacked dirmngr:amd64 2.2.27-2+deb11u1
2022-05-04 10:00:34 status half-configured dirmngr:amd64 2.2.27-2+deb11u1
2022-05-04 10:00:34 status installed dirmngr:amd64 2.2.27-2+deb11u1
2022-05-04 10:00:34 configure gpg-wks-server:amd64 2.2.27-2+deb11u1 <none>
2022-05-04 10:00:34 status unpacked gpg-wks-server:amd64 2.2.27-2+deb11u1
2022-05-04 10:00:34 status half-configured gpg-wks-server:amd64 2.2.27-2+deb11u1
2022-05-04 10:00:34 status installed gpg-wks-server:amd64 2.2.27-2+deb11u1
2022-05-04 10:00:34 configure gpg-wks-client:amd64 2.2.27-2+deb11u1 <none>
2022-05-04 10:00:34 status unpacked gpg-wks-client:amd64 2.2.27-2+deb11u1
2022-05-04 10:00:34 status half-configured gpg-wks-client:amd64 2.2.27-2+deb11u1
2022-05-04 10:00:34 status installed gpg-wks-client:amd64 2.2.27-2+deb11u1
2022-05-04 10:00:34 configure gnupg:all 2.2.27-2+deb11u1 <none>
2022-05-04 10:00:34 status unpacked gnupg:all 2.2.27-2+deb11u1
2022-05-04 10:00:34 status half-configured gnupg:all 2.2.27-2+deb11u1
2022-05-04 10:00:34 status installed gnupg:all 2.2.27-2+deb11u1
2022-05-04 10:00:34 trigproc libc-bin:amd64 2.31-13+deb11u3 <none>
2022-05-04 10:00:34 status half-configured libc-bin:amd64 2.31-13+deb11u3
2022-05-04 10:00:34 status installed libc-bin:amd64 2.31-13+deb11u3
2022-05-04 10:00:37 startup archives unpack
2022-05-04 10:00:38 install libnvidia-container1:amd64 <none> 1.9.0-1
2022-05-04 10:00:38 status triggers-pending libc-bin:amd64 2.31-13+deb11u3
2022-05-04 10:00:38 status half-installed libnvidia-container1:amd64 1.9.0-1
2022-05-04 10:00:38 status unpacked libnvidia-container1:amd64 1.9.0-1
2022-05-04 10:00:38 install libnvidia-container-tools:amd64 <none> 1.9.0-1
2022-05-04 10:00:38 status half-installed libnvidia-container-tools:amd64 1.9.0-1
2022-05-04 10:00:38 status unpacked libnvidia-container-tools:amd64 1.9.0-1
2022-05-04 10:00:38 install nvidia-container-toolkit:amd64 <none> 1.9.0-1
2022-05-04 10:00:38 status half-installed nvidia-container-toolkit:amd64 1.9.0-1
2022-05-04 10:00:38 status unpacked nvidia-container-toolkit:amd64 1.9.0-1
2022-05-04 10:00:38 install nvidia-container-runtime:all <none> 3.9.0-1
2022-05-04 10:00:38 status half-installed nvidia-container-runtime:all 3.9.0-1
2022-05-04 10:00:38 status unpacked nvidia-container-runtime:all 3.9.0-1
2022-05-04 10:00:38 startup packages configure
2022-05-04 10:00:38 configure libnvidia-container1:amd64 1.9.0-1 <none>
2022-05-04 10:00:38 status unpacked libnvidia-container1:amd64 1.9.0-1
2022-05-04 10:00:38 status half-configured libnvidia-container1:amd64 1.9.0-1
2022-05-04 10:00:38 status installed libnvidia-container1:amd64 1.9.0-1
2022-05-04 10:00:38 configure libnvidia-container-tools:amd64 1.9.0-1 <none>
2022-05-04 10:00:38 status unpacked libnvidia-container-tools:amd64 1.9.0-1
2022-05-04 10:00:38 status half-configured libnvidia-container-tools:amd64 1.9.0-1
2022-05-04 10:00:38 status installed libnvidia-container-tools:amd64 1.9.0-1
2022-05-04 10:00:38 configure nvidia-container-toolkit:amd64 1.9.0-1 <none>
2022-05-04 10:00:38 status unpacked nvidia-container-toolkit:amd64 1.9.0-1
2022-05-04 10:00:38 status half-configured nvidia-container-toolkit:amd64 1.9.0-1
2022-05-04 10:00:38 status installed nvidia-container-toolkit:amd64 1.9.0-1
2022-05-04 10:00:38 configure nvidia-container-runtime:all 3.9.0-1 <none>
2022-05-04 10:00:38 status unpacked nvidia-container-runtime:all 3.9.0-1
2022-05-04 10:00:38 status half-configured nvidia-container-runtime:all 3.9.0-1
2022-05-04 10:00:38 status installed nvidia-container-runtime:all 3.9.0-1
2022-05-04 10:00:38 trigproc libc-bin:amd64 2.31-13+deb11u3 <none>
2022-05-04 10:00:38 status half-configured libc-bin:amd64 2.31-13+deb11u3
2022-05-04 10:00:38 status installed libc-bin:amd64 2.31-13+deb11u3
2022-05-04 10:00:39 startup packages remove
2022-05-04 10:00:39 status installed curl:amd64 7.74.0-1.3+deb11u1
2022-05-04 10:00:39 remove curl:amd64 7.74.0-1.3+deb11u1 <none>
2022-05-04 10:00:39 status half-configured curl:amd64 7.74.0-1.3+deb11u1
2022-05-04 10:00:39 status half-installed curl:amd64 7.74.0-1.3+deb11u1
2022-05-04 10:00:39 status config-files curl:amd64 7.74.0-1.3+deb11u1
2022-05-04 10:00:39 status not-installed curl:amd64 <none>
2022-05-04 10:00:39 status installed gnupg:all 2.2.27-2+deb11u1
2022-05-04 10:00:39 remove gnupg:all 2.2.27-2+deb11u1 <none>
2022-05-04 10:00:39 status half-configured gnupg:all 2.2.27-2+deb11u1
2022-05-04 10:00:39 status half-installed gnupg:all 2.2.27-2+deb11u1
2022-05-04 10:00:39 status config-files gnupg:all 2.2.27-2+deb11u1
2022-05-04 10:00:39 status not-installed gnupg:all <none>
2022-05-04 10:00:39 status installed gpg-wks-client:amd64 2.2.27-2+deb11u1
2022-05-04 10:00:39 remove gpg-wks-client:amd64 2.2.27-2+deb11u1 <none>
2022-05-04 10:00:39 status half-configured gpg-wks-client:amd64 2.2.27-2+deb11u1
2022-05-04 10:00:39 status half-installed gpg-wks-client:amd64 2.2.27-2+deb11u1
2022-05-04 10:00:39 status config-files gpg-wks-client:amd64 2.2.27-2+deb11u1
2022-05-04 10:00:39 status not-installed gpg-wks-client:amd64 <none>
2022-05-04 10:00:39 status installed dirmngr:amd64 2.2.27-2+deb11u1
2022-05-04 10:00:39 remove dirmngr:amd64 2.2.27-2+deb11u1 <none>
2022-05-04 10:00:39 status half-configured dirmngr:amd64 2.2.27-2+deb11u1
2022-05-04 10:00:39 status half-installed dirmngr:amd64 2.2.27-2+deb11u1
2022-05-04 10:00:39 status config-files dirmngr:amd64 2.2.27-2+deb11u1
2022-05-04 10:00:39 status installed gnupg-l10n:all 2.2.27-2+deb11u1
2022-05-04 10:00:39 remove gnupg-l10n:all 2.2.27-2+deb11u1 <none>
2022-05-04 10:00:39 status half-configured gnupg-l10n:all 2.2.27-2+deb11u1
2022-05-04 10:00:39 status half-installed gnupg-l10n:all 2.2.27-2+deb11u1
2022-05-04 10:00:39 status config-files gnupg-l10n:all 2.2.27-2+deb11u1
2022-05-04 10:00:39 status not-installed gnupg-l10n:all <none>
2022-05-04 10:00:39 status installed gnupg-utils:amd64 2.2.27-2+deb11u1
2022-05-04 10:00:39 remove gnupg-utils:amd64 2.2.27-2+deb11u1 <none>
2022-05-04 10:00:39 status half-configured gnupg-utils:amd64 2.2.27-2+deb11u1
2022-05-04 10:00:39 status half-installed gnupg-utils:amd64 2.2.27-2+deb11u1
2022-05-04 10:00:39 status config-files gnupg-utils:amd64 2.2.27-2+deb11u1
2022-05-04 10:00:39 status not-installed gnupg-utils:amd64 <none>
2022-05-04 10:00:39 status installed gpg-wks-server:amd64 2.2.27-2+deb11u1
2022-05-04 10:00:39 remove gpg-wks-server:amd64 2.2.27-2+deb11u1 <none>
2022-05-04 10:00:39 status half-configured gpg-wks-server:amd64 2.2.27-2+deb11u1
2022-05-04 10:00:39 status half-installed gpg-wks-server:amd64 2.2.27-2+deb11u1
2022-05-04 10:00:39 status config-files gpg-wks-server:amd64 2.2.27-2+deb11u1
2022-05-04 10:00:39 status not-installed gpg-wks-server:amd64 <none>
2022-05-04 10:00:39 status installed gpg:amd64 2.2.27-2+deb11u1
2022-05-04 10:00:39 remove gpg:amd64 2.2.27-2+deb11u1 <none>
2022-05-04 10:00:39 status half-configured gpg:amd64 2.2.27-2+deb11u1
2022-05-04 10:00:39 status half-installed gpg:amd64 2.2.27-2+deb11u1
2022-05-04 10:00:39 status config-files gpg:amd64 2.2.27-2+deb11u1
2022-05-04 10:00:39 status not-installed gpg:amd64 <none>
2022-05-04 10:00:39 status installed gpg-agent:amd64 2.2.27-2+deb11u1
2022-05-04 10:00:39 remove gpg-agent:amd64 2.2.27-2+deb11u1 <none>
2022-05-04 10:00:39 status half-configured gpg-agent:amd64 2.2.27-2+deb11u1
2022-05-04 10:00:39 status half-installed gpg-agent:amd64 2.2.27-2+deb11u1
2022-05-04 10:00:39 status config-files gpg-agent:amd64 2.2.27-2+deb11u1
2022-05-04 10:00:39 status installed gpgsm:amd64 2.2.27-2+deb11u1
2022-05-04 10:00:39 remove gpgsm:amd64 2.2.27-2+deb11u1 <none>
2022-05-04 10:00:39 status half-configured gpgsm:amd64 2.2.27-2+deb11u1
2022-05-04 10:00:39 status half-installed gpgsm:amd64 2.2.27-2+deb11u1
2022-05-04 10:00:39 status config-files gpgsm:amd64 2.2.27-2+deb11u1
2022-05-04 10:00:39 status not-installed gpgsm:amd64 <none>
2022-05-04 10:00:39 status installed gpgconf:amd64 2.2.27-2+deb11u1
2022-05-04 10:00:39 remove gpgconf:amd64 2.2.27-2+deb11u1 <none>
2022-05-04 10:00:39 status half-configured gpgconf:amd64 2.2.27-2+deb11u1
2022-05-04 10:00:39 status half-installed gpgconf:amd64 2.2.27-2+deb11u1
2022-05-04 10:00:39 status config-files gpgconf:amd64 2.2.27-2+deb11u1
2022-05-04 10:00:39 status not-installed gpgconf:amd64 <none>
2022-05-04 10:00:39 status installed pinentry-curses:amd64 1.1.0-4
2022-05-04 10:00:39 remove pinentry-curses:amd64 1.1.0-4 <none>
2022-05-04 10:00:39 status half-configured pinentry-curses:amd64 1.1.0-4
2022-05-04 10:00:39 status half-installed pinentry-curses:amd64 1.1.0-4
2022-05-04 10:00:39 status config-files pinentry-curses:amd64 1.1.0-4
2022-05-04 10:00:39 status not-installed pinentry-curses:amd64 <none>
2022-05-04 10:00:39 status installed libassuan0:amd64 2.5.3-7.1
2022-05-04 10:00:39 remove libassuan0:amd64 2.5.3-7.1 <none>
2022-05-04 10:00:39 status triggers-pending libc-bin:amd64 2.31-13+deb11u3
2022-05-04 10:00:39 status half-configured libassuan0:amd64 2.5.3-7.1
2022-05-04 10:00:39 status half-installed libassuan0:amd64 2.5.3-7.1
2022-05-04 10:00:39 status config-files libassuan0:amd64 2.5.3-7.1
2022-05-04 10:00:39 status not-installed libassuan0:amd64 <none>
2022-05-04 10:00:39 status installed libcurl4:amd64 7.74.0-1.3+deb11u1
2022-05-04 10:00:39 remove libcurl4:amd64 7.74.0-1.3+deb11u1 <none>
2022-05-04 10:00:39 status half-configured libcurl4:amd64 7.74.0-1.3+deb11u1
2022-05-04 10:00:39 status half-installed libcurl4:amd64 7.74.0-1.3+deb11u1
2022-05-04 10:00:39 status config-files libcurl4:amd64 7.74.0-1.3+deb11u1
2022-05-04 10:00:39 status not-installed libcurl4:amd64 <none>
2022-05-04 10:00:39 status installed libksba8:amd64 1.5.0-3
2022-05-04 10:00:39 remove libksba8:amd64 1.5.0-3 <none>
2022-05-04 10:00:39 status half-configured libksba8:amd64 1.5.0-3
2022-05-04 10:00:39 status half-installed libksba8:amd64 1.5.0-3
2022-05-04 10:00:39 status config-files libksba8:amd64 1.5.0-3
2022-05-04 10:00:39 status not-installed libksba8:amd64 <none>
2022-05-04 10:00:39 status installed libnpth0:amd64 1.6-3
2022-05-04 10:00:39 remove libnpth0:amd64 1.6-3 <none>
2022-05-04 10:00:39 status half-configured libnpth0:amd64 1.6-3
2022-05-04 10:00:39 status half-installed libnpth0:amd64 1.6-3
2022-05-04 10:00:39 status config-files libnpth0:amd64 1.6-3
2022-05-04 10:00:39 status not-installed libnpth0:amd64 <none>
2022-05-04 10:00:39 status installed libreadline8:amd64 8.1-1
2022-05-04 10:00:39 remove libreadline8:amd64 8.1-1 <none>
2022-05-04 10:00:39 status half-configured libreadline8:amd64 8.1-1
2022-05-04 10:00:39 status half-installed libreadline8:amd64 8.1-1
2022-05-04 10:00:39 status config-files libreadline8:amd64 8.1-1
2022-05-04 10:00:39 status not-installed libreadline8:amd64 <none>
2022-05-04 10:00:39 status installed libsqlite3-0:amd64 3.34.1-3
2022-05-04 10:00:39 remove libsqlite3-0:amd64 3.34.1-3 <none>
2022-05-04 10:00:39 status half-configured libsqlite3-0:amd64 3.34.1-3
2022-05-04 10:00:39 status half-installed libsqlite3-0:amd64 3.34.1-3
2022-05-04 10:00:39 status config-files libsqlite3-0:amd64 3.34.1-3
2022-05-04 10:00:39 status not-installed libsqlite3-0:amd64 <none>
2022-05-04 10:00:39 status installed readline-common:all 8.1-1
2022-05-04 10:00:39 remove readline-common:all 8.1-1 <none>
2022-05-04 10:00:39 status half-configured readline-common:all 8.1-1
2022-05-04 10:00:40 status half-installed readline-common:all 8.1-1
2022-05-04 10:00:40 status config-files readline-common:all 8.1-1
2022-05-04 10:00:40 startup packages configure
2022-05-04 10:00:40 trigproc libc-bin:amd64 2.31-13+deb11u3 <none>
2022-05-04 10:00:40 status half-configured libc-bin:amd64 2.31-13+deb11u3
2022-05-04 10:00:40 status installed libc-bin:amd64 2.31-13+deb11u3
2022-05-04 10:00:40 startup packages purge
2022-05-04 10:00:40 purge gpg-agent:amd64 2.2.27-2+deb11u1 <none>
2022-05-04 10:00:40 status config-files gpg-agent:amd64 2.2.27-2+deb11u1
2022-05-04 10:00:40 status not-installed gpg-agent:amd64 <none>
2022-05-04 10:00:40 purge dirmngr:amd64 2.2.27-2+deb11u1 <none>
2022-05-04 10:00:40 status config-files dirmngr:amd64 2.2.27-2+deb11u1
2022-05-04 10:00:40 status not-installed dirmngr:amd64 <none>
2022-05-04 10:00:40 purge readline-common:all 8.1-1 <none>
2022-05-04 10:00:40 status config-files readline-common:all 8.1-1
2022-05-04 10:00:40 status not-installed readline-common:all <none>
2022-05-04 10:00:40 startup packages configure
